<?xml version="1.0" encoding="UTF-8"?>
<!-- Generated by org.testng.reporters.JUnitReportReporter -->
<testsuite hostname="manish" failures="0" tests="1" name="Rough.RoughClass" time="43.086" errors="1" timestamp="2025-03-18T15:31:19 IST" skipped="0">
  <testcase classname="Rough.RoughClass" name="test__Upload_Image_In_QA" time="43.086">
    <error message="Cannot get absolute file path" type="com.microsoft.playwright.PlaywrightException">
      <![CDATA[com.microsoft.playwright.PlaywrightException: Cannot get absolute file path
at com.microsoft.playwright.impl.Utils.resolvePathsAndDirectoryForInputFiles(Utils.java:222)
at com.microsoft.playwright.impl.Utils.addFilePathUploadParams(Utils.java:182)
at com.microsoft.playwright.impl.FrameImpl.setInputFilesImpl(FrameImpl.java:768)
at com.microsoft.playwright.impl.PageImpl.lambda$setInputFiles$77(PageImpl.java:1300)
at com.microsoft.playwright.impl.LoggingSupport.lambda$withLogging$0(LoggingSupport.java:36)
at com.microsoft.playwright.impl.LoggingSupport.withLogging(LoggingSupport.java:47)
at com.microsoft.playwright.impl.ChannelOwner.withLogging(ChannelOwner.java:97)
at com.microsoft.playwright.impl.LoggingSupport.withLogging(LoggingSupport.java:35)
at com.microsoft.playwright.impl.PageImpl.setInputFiles(PageImpl.java:1299)
at com.microsoft.playwright.impl.PageImpl.setInputFiles(PageImpl.java:1294)
at com.microsoft.playwright.Page.setInputFiles(Page.java:7222)
at Rough.RoughClass.test__Upload_Image_In_QA(RoughClass.java:59)
at java.base/jdk.internal.reflect.DirectMethodHandleAccessor.invoke(DirectMethodHandleAccessor.java:103)
at java.base/java.lang.reflect.Method.invoke(Method.java:580)
at org.testng.internal.MethodInvocationHelper.invokeMethod(MethodInvocationHelper.java:133)
at org.testng.internal.TestInvoker.invokeMethod(TestInvoker.java:598)
at org.testng.internal.TestInvoker.invokeTestMethod(TestInvoker.java:173)
at org.testng.internal.MethodRunner.runInSequence(MethodRunner.java:46)
at org.testng.internal.TestInvoker$MethodInvocationAgent.invoke(TestInvoker.java:824)
at org.testng.internal.TestInvoker.invokeTestMethods(TestInvoker.java:146)
at org.testng.internal.TestMethodWorker.invokeTestMethods(TestMethodWorker.java:146)
at org.testng.internal.TestMethodWorker.run(TestMethodWorker.java:128)
at java.base/java.util.ArrayList.forEach(ArrayList.java:1597)
at org.testng.TestRunner.privateRun(TestRunner.java:794)
at org.testng.TestRunner.run(TestRunner.java:596)
at org.testng.SuiteRunner.runTest(SuiteRunner.java:377)
at org.testng.SuiteRunner.runSequentially(SuiteRunner.java:371)
at org.testng.SuiteRunner.privateRun(SuiteRunner.java:332)
at org.testng.SuiteRunner.run(SuiteRunner.java:276)
at org.testng.SuiteRunnerWorker.runSuite(SuiteRunnerWorker.java:53)
at org.testng.SuiteRunnerWorker.run(SuiteRunnerWorker.java:96)
at org.testng.TestNG.runSuitesSequentially(TestNG.java:1212)
at org.testng.TestNG.runSuitesLocally(TestNG.java:1134)
at org.testng.TestNG.runSuites(TestNG.java:1063)
at org.testng.TestNG.run(TestNG.java:1031)
at org.testng.remote.AbstractRemoteTestNG.run(AbstractRemoteTestNG.java:115)
at org.testng.remote.RemoteTestNG.initAndRun(RemoteTestNG.java:293)
at org.testng.remote.RemoteTestNG.main(RemoteTestNG.java:91)
Caused by: java.nio.file.NoSuchFileException: C:\Users\hp\eclipse-playrights\playrightseries\src\main\java\Resource\img.jpg
at java.base/sun.nio.fs.WindowsException.translateToIOException(WindowsException.java:85)
at java.base/sun.nio.fs.WindowsException.rethrowAsIOException(WindowsException.java:96)
at java.base/sun.nio.fs.WindowsLinkSupport.getRealPath(WindowsLinkSupport.java:288)
at java.base/sun.nio.fs.WindowsPath.toRealPath(WindowsPath.java:944)
at java.base/sun.nio.fs.WindowsPath.toRealPath(WindowsPath.java:42)
at com.microsoft.playwright.impl.Utils.resolvePathsAndDirectoryForInputFiles(Utils.java:218)
... 37 more
]]>
    </error>
  </testcase> <!-- test__Upload_Image_In_QA -->
  <system-out/>
</testsuite> <!-- Rough.RoughClass -->
